<?xml version="1.0" encoding="UTF-8"?>
<!-- Generated by org.testng.reporters.JUnitXMLReporter -->
<testsuite hostname="LAPTOP-DPSP9O8F" ignored="0" name="Go Rest API FrameWork" tests="5" failures="0" timestamp="25 Jul 2020 07:30:21 GMT" time="6.527" errors="0">
  <testcase name="TC001_UserDetails" time="4.476" classname="com.qa.goRest.RestAPISuite.APISuite"/>
  <testcase name="TC002_StatusCode" time="0.357" classname="com.qa.goRest.RestAPISuite.APISuite"/>
  <testcase name="TC003_StatusLine" time="0.379" classname="com.qa.goRest.RestAPISuite.APISuite"/>
  <testcase name="TC004_VerifyHeaders" time="0.398" classname="com.qa.goRest.RestAPISuite.APISuite"/>
  <testcase name="TC005_validateDateFromHeaders" time="0.36" classname="com.qa.goRest.RestAPISuite.APISuite"/>
</testsuite> <!-- Go Rest API FrameWork -->
