<?xml version="1.0" encoding="UTF-8"?>
<!-- Generated by org.testng.reporters.JUnitXMLReporter -->
<testsuite hostname="LAPTOP-DPSP9O8F" ignored="0" name="Go Rest Automation FrameWork" tests="5" failures="0" timestamp="18 Jul 2020 14:37:24 GMT" time="4.182" errors="0">
  <testcase name="TC001_UserDetails" time="2.535" classname="com.qa.goRest.RestAPISuite.APISuite"/>
  <testcase name="TC002_StatusCode" time="0.337" classname="com.qa.goRest.RestAPISuite.APISuite"/>
  <testcase name="TC003_StatusLine" time="0.326" classname="com.qa.goRest.RestAPISuite.APISuite"/>
  <testcase name="TC004_VerifyHeaders" time="0.333" classname="com.qa.goRest.RestAPISuite.APISuite"/>
  <testcase name="TC005_validateDateFromHeaders" time="0.33" classname="com.qa.goRest.RestAPISuite.APISuite"/>
</testsuite> <!-- Go Rest Automation FrameWork -->
