<?xml version="1.0" encoding="UTF-8"?>
<!-- Generated by org.testng.reporters.JUnitXMLReporter -->
<testsuite hostname="LAPTOP-DPSP9O8F" ignored="0" name="Default test" tests="5" failures="0" timestamp="25 Jul 2020 10:19:37 GMT" time="4.77" errors="0">
  <testcase name="TC001_UserDetails" time="2.868" classname="com.qa.goRest.GoRestTestSuite.SampleTestSuite"/>
  <testcase name="TC002_StatusCode" time="0.42" classname="com.qa.goRest.GoRestTestSuite.SampleTestSuite"/>
  <testcase name="TC003_StatusLine" time="0.391" classname="com.qa.goRest.GoRestTestSuite.SampleTestSuite"/>
  <testcase name="TC004_VerifyHeaders" time="0.458" classname="com.qa.goRest.GoRestTestSuite.SampleTestSuite"/>
  <testcase name="TC005_validateDateFromHeaders" time="0.4" classname="com.qa.goRest.GoRestTestSuite.SampleTestSuite"/>
</testsuite> <!-- Default test -->
