<?xml version="1.0" encoding="UTF-8"?>
<testng-results skipped="0" failed="0" ignored="0" total="5" passed="5">
  <reporter-output>
  </reporter-output>
  <suite name="Go Rest API Rest Assured Automation FrameWork" duration-ms="6527" started-at="2020-07-25T07:30:14Z" finished-at="2020-07-25T07:30:21Z">
    <groups>
    </groups>
    <test name="Go Rest API FrameWork" duration-ms="6527" started-at="2020-07-25T07:30:14Z" finished-at="2020-07-25T07:30:21Z">
      <class name="com.qa.goRest.RestAPISuite.APISuite">
        <test-method status="PASS" signature="TC001_UserDetails()[pri:0, instance:com.qa.goRest.RestAPISuite.APISuite@7e4d2287]" name="TC001_UserDetails" duration-ms="4476" started-at="2020-07-25T07:30:14Z" finished-at="2020-07-25T07:30:19Z">
          <reporter-output>
          </reporter-output>
        </test-method> <!-- TC001_UserDetails -->
        <test-method status="PASS" signature="TC002_StatusCode()[pri:0, instance:com.qa.goRest.RestAPISuite.APISuite@7e4d2287]" name="TC002_StatusCode" duration-ms="357" started-at="2020-07-25T07:30:19Z" finished-at="2020-07-25T07:30:19Z">
          <reporter-output>
          </reporter-output>
        </test-method> <!-- TC002_StatusCode -->
        <test-method status="PASS" signature="TC003_StatusLine()[pri:0, instance:com.qa.goRest.RestAPISuite.APISuite@7e4d2287]" name="TC003_StatusLine" duration-ms="379" started-at="2020-07-25T07:30:19Z" finished-at="2020-07-25T07:30:20Z">
          <reporter-output>
          </reporter-output>
        </test-method> <!-- TC003_StatusLine -->
        <test-method status="PASS" signature="TC004_VerifyHeaders()[pri:0, instance:com.qa.goRest.RestAPISuite.APISuite@7e4d2287]" name="TC004_VerifyHeaders" duration-ms="398" started-at="2020-07-25T07:30:20Z" finished-at="2020-07-25T07:30:20Z">
          <reporter-output>
          </reporter-output>
        </test-method> <!-- TC004_VerifyHeaders -->
        <test-method status="PASS" signature="TC005_validateDateFromHeaders()[pri:0, instance:com.qa.goRest.RestAPISuite.APISuite@7e4d2287]" name="TC005_validateDateFromHeaders" duration-ms="360" started-at="2020-07-25T07:30:20Z" finished-at="2020-07-25T07:30:21Z">
          <reporter-output>
          </reporter-output>
        </test-method> <!-- TC005_validateDateFromHeaders -->
      </class> <!-- com.qa.goRest.RestAPISuite.APISuite -->
    </test> <!-- Go Rest API FrameWork -->
  </suite> <!-- Go Rest API Rest Assured Automation FrameWork -->
</testng-results>
